<?xml version="1.0" encoding="UTF-8"?>
<!-- Generated by org.testng.reporters.JUnitReportReporter -->
<testsuite skipped="0" hostname="nams" name="testngpractice.AddClass" tests="3" failures="0" timestamp="14 Mar 2018 00:06:45 GMT" time="0.074" errors="0">
  <testcase name="addVendor" time="0.023" classname="testngpractice.AddClass"/>
  <testcase name="addProduct" time="0.019" classname="testngpractice.AddClass"/>
  <testcase name="addCurrency" time="0.032" classname="testngpractice.AddClass"/>
</testsuite> <!-- testngpractice.AddClass -->
