<?xml version="1.0" encoding="UTF-8"?>
<!-- Generated by org.testng.reporters.JUnitReportReporter -->
<testsuite skipped="0" hostname="nams" name="testng.MultiTestCasesPriority" tests="3" failures="0" timestamp="10 Mar 2018 21:39:22 GMT" time="25.547" errors="0">
  <testcase name="launchBrowser" time="12.186" classname="testng.MultiTestCasesPriority"/>
  <testcase name="verifyTitle" time="10.951" classname="testng.MultiTestCasesPriority"/>
  <testcase name="closeBrowser" time="2.410" classname="testng.MultiTestCasesPriority"/>
</testsuite> <!-- testng.MultiTestCasesPriority -->
