<?xml version="1.0" encoding="UTF-8"?>
<!-- Generated by org.testng.reporters.JUnitReportReporter -->
<testsuite skipped="0" hostname="nams" name="testng.BeforeAfterAnnotation" tests="3" failures="0" timestamp="10 Mar 2018 22:24:53 GMT" time="44.678" errors="0">
  <testcase name="verifyGoogleTitle" time="8.284" classname="testng.BeforeAfterAnnotation"/>
  <testcase name="verifyYahooTitle" time="28.035" classname="testng.BeforeAfterAnnotation"/>
  <testcase name="verifygcrShopTitle" time="8.359" classname="testng.BeforeAfterAnnotation"/>
</testsuite> <!-- testng.BeforeAfterAnnotation -->
