<?xml version="1.0" encoding="UTF-8"?>
<!-- Generated by org.testng.reporters.JUnitReportReporter -->
<testsuite skipped="0" hostname="nams" name="testngecommer.NewTest" tests="4" failures="0" timestamp="23 Mar 2018 10:36:43 GMT" time="0.056" errors="0">
  <testcase name="login" time="0.037" classname="testngecommer.NewTest"/>
  <testcase name="search" time="0.005" classname="testngecommer.NewTest"/>
  <testcase name="prepaidRecharge" time="0.005" classname="testngecommer.NewTest"/>
  <testcase name="logout" time="0.009" classname="testngecommer.NewTest"/>
</testsuite> <!-- testngecommer.NewTest -->
