<?xml version="1.0" encoding="UTF-8"?>
<!-- Generated by org.testng.reporters.JUnitReportReporter -->
<testsuite skipped="0" hostname="nams" name="testng.BeforeAfterClassAnnotation" tests="3" failures="0" timestamp="13 Mar 2018 22:53:54 GMT" time="20.360" errors="0">
  <testcase name="verifyGoogleTitle" time="3.569" classname="testng.BeforeAfterClassAnnotation"/>
  <testcase name="verifyYahooTitle" time="14.084" classname="testng.BeforeAfterClassAnnotation"/>
  <testcase name="verifygcrShopTitle" time="2.707" classname="testng.BeforeAfterClassAnnotation"/>
</testsuite> <!-- testng.BeforeAfterClassAnnotation -->
