<?xml version="1.0" encoding="UTF-8"?>
<!-- Generated by org.testng.reporters.JUnitReportReporter -->
<testsuite skipped="0" hostname="nams" name="testngpractice.DeleteClass" tests="3" failures="0" timestamp="14 Mar 2018 00:06:45 GMT" time="0.024" errors="0">
  <testcase name="deleteVendor" time="0.005" classname="testngpractice.DeleteClass"/>
  <testcase name="deleteProduct" time="0.011" classname="testngpractice.DeleteClass"/>
  <testcase name="deleteCurrency" time="0.008" classname="testngpractice.DeleteClass"/>
</testsuite> <!-- testngpractice.DeleteClass -->
