<?xml version="1.0" encoding="UTF-8"?>
<!-- Generated by org.testng.reporters.JUnitReportReporter -->
<testsuite skipped="0" hostname="nams" name="testng.GoogleLaunch" tests="1" failures="0" timestamp="09 Mar 2018 17:41:34 GMT" time="15.310" errors="0">
  <testcase name="verifyTitle" time="15.310" classname="testng.GoogleLaunch"/>
</testsuite> <!-- testng.GoogleLaunch -->
